# JRE version: Java(TM) SE Runtime Environment (21.0.1+12) (build 21.0.1+12-LTS-29)
# Java VM: Java HotSpot(TM) 64-Bit Server VM (21.0.1+12-LTS-29, mixed mode, sharing, tiered, compressed oops, compressed class ptrs, g1 gc, windows-amd64)
GC Precious Log:
 CardTable entry size: 512
 Card Set container configuration: InlinePtr #cards 5 size 8 Array Of Cards #cards 12 size 40 Howl #buckets 4 coarsen threshold 1843 Howl Bitmap #cards 512 size 80 coarsen threshold 460 Card regions per heap region 1 cards per card region 2048
 CPUs: 4 total, 4 available
 Memory: 8097M
 Large Page Support: Disabled
 NUMA Support: Disabled
 Compressed Oops: Enabled (32-bit)
 Heap Region Size: 1M
 Heap Min Capacity: 8M
 Heap Initial Capacity: 128M
 Heap Max Capacity: 2G
 Pre-touch: Disabled
 Parallel Workers: 4
 Concurrent Workers: 1
 Concurrent Refinement Workers: 4
 Periodic GC: Disabled
Heap:
 garbage-first heap   total 110592K, used 82526K [0x0000000080000000, 0x0000000100000000)
  region size 1024K, 29 young (29696K), 6 survivors (6144K)
 Metaspace       used 46988K, committed 48704K, reserved 1114112K
  class space    used 6679K, committed 7552K, reserved 1048576K
GC Heap History (20 events):
Event: 1.942 GC heap before
{Heap before GC invocations=2 (full 0):
 garbage-first heap   total 131072K, used 35293K [0x0000000080000000, 0x0000000100000000)
  region size 1024K, 27 young (27648K), 3 survivors (3072K)
 Metaspace       used 4212K, committed 4416K, reserved 1114112K
  class space    used 509K, committed 640K, reserved 1048576K
}
Event: 1.949 GC heap after
{Heap after GC invocations=3 (full 0):
 garbage-first heap   total 131072K, used 14964K [0x0000000080000000, 0x0000000100000000)
  region size 1024K, 4 young (4096K), 4 survivors (4096K)
 Metaspace       used 4212K, committed 4416K, reserved 1114112K
  class space    used 509K, committed 640K, reserved 1048576K
}
Event: 4.713 GC heap before
{Heap before GC invocations=3 (full 0):
 garbage-first heap   total 131072K, used 87668K [0x0000000080000000, 0x0000000100000000)
  region size 1024K, 76 young (77824K), 4 survivors (4096K)
 Metaspace       used 18248K, committed 18816K, reserved 1114112K
  class space    used 2589K, committed 2880K, reserved 1048576K
}
Event: 4.726 GC heap after
{Heap after GC invocations=4 (full 0):
 garbage-first heap   total 131072K, used 21504K [0x0000000080000000, 0x0000000100000000)
  region size 1024K, 10 young (10240K), 10 survivors (10240K)
 Metaspace       used 18248K, committed 18816K, reserved 1114112K
  class space    used 2589K, committed 2880K, reserved 1048576K
}
Event: 5.268 GC heap before
{Heap before GC invocations=4 (full 0):
 garbage-first heap   total 131072K, used 41984K [0x0000000080000000, 0x0000000100000000)
  region size 1024K, 31 young (31744K), 10 survivors (10240K)
 Metaspace       used 20890K, committed 21504K, reserved 1114112K
  class space    used 3030K, committed 3328K, reserved 1048576K
}
Event: 5.284 GC heap after
{Heap after GC invocations=5 (full 0):
 garbage-first heap   total 131072K, used 23460K [0x0000000080000000, 0x0000000100000000)
  region size 1024K, 2 young (2048K), 2 survivors (2048K)
 Metaspace       used 20890K, committed 21504K, reserved 1114112K
  class space    used 3030K, committed 3328K, reserved 1048576K
}
Event: 6.418 GC heap before
{Heap before GC invocations=6 (full 0):
 garbage-first heap   total 78848K, used 77732K [0x0000000080000000, 0x0000000100000000)
  region size 1024K, 45 young (46080K), 2 survivors (2048K)
 Metaspace       used 25803K, committed 26752K, reserved 1114112K
  class space    used 3864K, committed 4352K, reserved 1048576K
}
Event: 6.427 GC heap after
{Heap after GC invocations=7 (full 0):
 garbage-first heap   total 87040K, used 40868K [0x0000000080000000, 0x0000000100000000)
  region size 1024K, 6 young (6144K), 6 survivors (6144K)
 Metaspace       used 25803K, committed 26752K, reserved 1114112K
  class space    used 3864K, committed 4352K, reserved 1048576K
}
Event: 7.007 GC heap before
{Heap before GC invocations=7 (full 0):
 garbage-first heap   total 87040K, used 72612K [0x0000000080000000, 0x0000000100000000)
  region size 1024K, 37 young (37888K), 6 survivors (6144K)
 Metaspace       used 30161K, committed 31360K, reserved 1114112K
  class space    used 4551K, committed 5120K, reserved 1048576K
}
Event: 7.015 GC heap after
{Heap after GC invocations=8 (full 0):
 garbage-first heap   total 87040K, used 42547K [0x0000000080000000, 0x0000000100000000)
  region size 1024K, 2 young (2048K), 2 survivors (2048K)
 Metaspace       used 30161K, committed 31360K, reserved 1114112K
  class space    used 4551K, committed 5120K, reserved 1048576K
}
Event: 7.415 GC heap before
{Heap before GC invocations=8 (full 0):
 garbage-first heap   total 87040K, used 60979K [0x0000000080000000, 0x0000000100000000)
  region size 1024K, 21 young (21504K), 2 survivors (2048K)
 Metaspace       used 34721K, committed 35968K, reserved 1114112K
  class space    used 5044K, committed 5696K, reserved 1048576K
}
Event: 7.421 GC heap after
{Heap after GC invocations=9 (full 0):
 garbage-first heap   total 87040K, used 45098K [0x0000000080000000, 0x0000000100000000)
  region size 1024K, 5 young (5120K), 5 survivors (5120K)
 Metaspace       used 34721K, committed 35968K, reserved 1114112K
  class space    used 5044K, committed 5696K, reserved 1048576K
}
Event: 7.833 GC heap before
{Heap before GC invocations=10 (full 0):
 garbage-first heap   total 87040K, used 73770K [0x0000000080000000, 0x0000000100000000)
  region size 1024K, 34 young (34816K), 5 survivors (5120K)
 Metaspace       used 36093K, committed 37376K, reserved 1114112K
  class space    used 5164K, committed 5760K, reserved 1048576K
}
Event: 7.845 GC heap after
{Heap after GC invocations=11 (full 0):
 garbage-first heap   total 87040K, used 48508K [0x0000000080000000, 0x0000000100000000)
  region size 1024K, 5 young (5120K), 5 survivors (5120K)
 Metaspace       used 36093K, committed 37376K, reserved 1114112K
  class space    used 5164K, committed 5760K, reserved 1048576K
}
Event: 8.417 GC heap before
{Heap before GC invocations=11 (full 0):
 garbage-first heap   total 87040K, used 81276K [0x0000000080000000, 0x0000000100000000)
  region size 1024K, 32 young (32768K), 5 survivors (5120K)
 Metaspace       used 39818K, committed 41152K, reserved 1114112K
  class space    used 5629K, committed 6272K, reserved 1048576K
}
Event: 8.426 GC heap after
{Heap after GC invocations=12 (full 0):
 garbage-first heap   total 90112K, used 49726K [0x0000000080000000, 0x0000000100000000)
  region size 1024K, 3 young (3072K), 3 survivors (3072K)
 Metaspace       used 39818K, committed 41152K, reserved 1114112K
  class space    used 5629K, committed 6272K, reserved 1048576K
}
Event: 8.792 GC heap before
{Heap before GC invocations=12 (full 0):
 garbage-first heap   total 90112K, used 66110K [0x0000000080000000, 0x0000000100000000)
  region size 1024K, 20 young (20480K), 3 survivors (3072K)
 Metaspace       used 40946K, committed 42432K, reserved 1114112K
  class space    used 5803K, committed 6528K, reserved 1048576K
}
Event: 8.800 GC heap after
{Heap after GC invocations=13 (full 0):
 garbage-first heap   total 108544K, used 52325K [0x0000000080000000, 0x0000000100000000)
  region size 1024K, 4 young (4096K), 4 survivors (4096K)
 Metaspace       used 40946K, committed 42432K, reserved 1114112K
  class space    used 5803K, committed 6528K, reserved 1048576K
}
Event: 9.704 GC heap before
{Heap before GC invocations=14 (full 0):
 garbage-first heap   total 108544K, used 100453K [0x0000000080000000, 0x0000000100000000)
  region size 1024K, 47 young (48128K), 4 survivors (4096K)
 Metaspace       used 44613K, committed 46208K, reserved 1114112K
  class space    used 6251K, committed 7040K, reserved 1048576K
}
Event: 9.716 GC heap after
{Heap after GC invocations=15 (full 0):
 garbage-first heap   total 110592K, used 59998K [0x0000000080000000, 0x0000000100000000)
  region size 1024K, 6 young (6144K), 6 survivors (6144K)
 Metaspace       used 44613K, committed 46208K, reserved 1114112K
  class space    used 6251K, committed 7040K, reserved 1048576K
}

