# JRE version: OpenJDK Runtime Environment Corretto-17.0.11.9.1 (17.0.11+9) (build 17.0.11+9-LTS)
# Java VM: OpenJDK 64-Bit Server VM Corretto-17.0.11.9.1 (17.0.11+9-LTS, mixed mode, sharing, tiered, compressed oops, compressed class ptrs, g1 gc, windows-amd64)
GC Precious Log:
 CPUs: 4 total, 4 available
 Memory: 8097M
 Large Page Support: Disabled
 NUMA Support: Disabled
 Compressed Oops: Enabled (32-bit)
 Heap Region Size: 1M
 Heap Min Capacity: 8M
 Heap Initial Capacity: 128M
 Heap Max Capacity: 2G
 Pre-touch: Disabled
 Parallel Workers: 4
 Concurrent Workers: 1
 Concurrent Refinement Workers: 4
 Periodic GC: Disabled
Heap:
 garbage-first heap   total 391168K, used 318464K [0x0000000080000000, 0x0000000100000000)
  region size 1024K, 4 young (4096K), 4 survivors (4096K)
 Metaspace       used 124328K, committed 125376K, reserved 1179648K
  class space    used 16563K, committed 17088K, reserved 1048576K
GC Heap History (20 events):
Event: 109.601 GC heap after
{Heap after GC invocations=40 (full 0):
 garbage-first heap   total 357376K, used 178688K [0x0000000080000000, 0x0000000100000000)
  region size 1024K, 13 young (13312K), 13 survivors (13312K)
 Metaspace       used 113300K, committed 114368K, reserved 1179648K
  class space    used 14966K, committed 15488K, reserved 1048576K
}
Event: 109.715 GC heap before
{Heap before GC invocations=40 (full 0):
 garbage-first heap   total 357376K, used 181760K [0x0000000080000000, 0x0000000100000000)
  region size 1024K, 17 young (17408K), 13 survivors (13312K)
 Metaspace       used 113303K, committed 114368K, reserved 1179648K
  class space    used 14966K, committed 15488K, reserved 1048576K
}
Event: 109.737 GC heap after
{Heap after GC invocations=41 (full 0):
 garbage-first heap   total 357376K, used 178366K [0x0000000080000000, 0x0000000100000000)
  region size 1024K, 2 young (2048K), 2 survivors (2048K)
 Metaspace       used 113303K, committed 114368K, reserved 1179648K
  class space    used 14966K, committed 15488K, reserved 1048576K
}
Event: 114.353 GC heap before
{Heap before GC invocations=41 (full 0):
 garbage-first heap   total 357376K, used 292030K [0x0000000080000000, 0x0000000100000000)
  region size 1024K, 114 young (116736K), 2 survivors (2048K)
 Metaspace       used 115668K, committed 116800K, reserved 1179648K
  class space    used 15235K, committed 15808K, reserved 1048576K
}
Event: 114.367 GC heap after
{Heap after GC invocations=42 (full 0):
 garbage-first heap   total 357376K, used 184991K [0x0000000080000000, 0x0000000100000000)
  region size 1024K, 9 young (9216K), 9 survivors (9216K)
 Metaspace       used 115668K, committed 116800K, reserved 1179648K
  class space    used 15235K, committed 15808K, reserved 1048576K
}
Event: 116.468 GC heap before
{Heap before GC invocations=42 (full 0):
 garbage-first heap   total 357376K, used 293535K [0x0000000080000000, 0x0000000100000000)
  region size 1024K, 116 young (118784K), 9 survivors (9216K)
 Metaspace       used 116776K, committed 117888K, reserved 1179648K
  class space    used 15373K, committed 15936K, reserved 1048576K
}
Event: 116.487 GC heap after
{Heap after GC invocations=43 (full 0):
 garbage-first heap   total 357376K, used 190276K [0x0000000080000000, 0x0000000100000000)
  region size 1024K, 8 young (8192K), 8 survivors (8192K)
 Metaspace       used 116776K, committed 117888K, reserved 1179648K
  class space    used 15373K, committed 15936K, reserved 1048576K
}
Event: 116.735 GC heap before
{Heap before GC invocations=43 (full 0):
 garbage-first heap   total 357376K, used 224068K [0x0000000080000000, 0x0000000100000000)
  region size 1024K, 25 young (25600K), 8 survivors (8192K)
 Metaspace       used 116850K, committed 117952K, reserved 1179648K
  class space    used 15383K, committed 15936K, reserved 1048576K
}
Event: 116.749 GC heap after
{Heap after GC invocations=44 (full 0):
 garbage-first heap   total 357376K, used 215768K [0x0000000080000000, 0x0000000100000000)
  region size 1024K, 8 young (8192K), 8 survivors (8192K)
 Metaspace       used 116850K, committed 117952K, reserved 1179648K
  class space    used 15383K, committed 15936K, reserved 1048576K
}
Event: 118.058 GC heap before
{Heap before GC invocations=45 (full 0):
 garbage-first heap   total 391168K, used 361176K [0x0000000080000000, 0x0000000100000000)
  region size 1024K, 83 young (84992K), 8 survivors (8192K)
 Metaspace       used 120823K, committed 121920K, reserved 1179648K
  class space    used 15943K, committed 16512K, reserved 1048576K
}
Event: 118.079 GC heap after
{Heap after GC invocations=46 (full 0):
 garbage-first heap   total 391168K, used 264100K [0x0000000080000000, 0x0000000100000000)
  region size 1024K, 11 young (11264K), 11 survivors (11264K)
 Metaspace       used 120823K, committed 121920K, reserved 1179648K
  class space    used 15943K, committed 16512K, reserved 1048576K
}
Event: 118.160 GC heap before
{Heap before GC invocations=46 (full 0):
 garbage-first heap   total 391168K, used 271268K [0x0000000080000000, 0x0000000100000000)
  region size 1024K, 19 young (19456K), 11 survivors (11264K)
 Metaspace       used 120823K, committed 121920K, reserved 1179648K
  class space    used 15943K, committed 16512K, reserved 1048576K
}
Event: 118.185 GC heap after
{Heap after GC invocations=47 (full 0):
 garbage-first heap   total 391168K, used 255747K [0x0000000080000000, 0x0000000100000000)
  region size 1024K, 3 young (3072K), 3 survivors (3072K)
 Metaspace       used 120823K, committed 121920K, reserved 1179648K
  class space    used 15943K, committed 16512K, reserved 1048576K
}
Event: 118.978 GC heap before
{Heap before GC invocations=47 (full 0):
 garbage-first heap   total 391168K, used 325379K [0x0000000080000000, 0x0000000100000000)
  region size 1024K, 67 young (68608K), 3 survivors (3072K)
 Metaspace       used 121156K, committed 122240K, reserved 1179648K
  class space    used 15972K, committed 16512K, reserved 1048576K
}
Event: 119.020 GC heap after
{Heap after GC invocations=48 (full 0):
 garbage-first heap   total 391168K, used 280279K [0x0000000080000000, 0x0000000100000000)
  region size 1024K, 9 young (9216K), 9 survivors (9216K)
 Metaspace       used 121156K, committed 122240K, reserved 1179648K
  class space    used 15972K, committed 16512K, reserved 1048576K
}
Event: 119.765 GC heap before
{Heap before GC invocations=48 (full 0):
 garbage-first heap   total 391168K, used 325335K [0x0000000080000000, 0x0000000100000000)
  region size 1024K, 51 young (52224K), 9 survivors (9216K)
 Metaspace       used 123665K, committed 124736K, reserved 1179648K
  class space    used 16501K, committed 17024K, reserved 1048576K
}
Event: 119.811 GC heap after
{Heap after GC invocations=49 (full 0):
 garbage-first heap   total 391168K, used 294912K [0x0000000080000000, 0x0000000100000000)
  region size 1024K, 7 young (7168K), 7 survivors (7168K)
 Metaspace       used 123665K, committed 124736K, reserved 1179648K
  class space    used 16501K, committed 17024K, reserved 1048576K
}
Event: 120.247 GC heap before
{Heap before GC invocations=49 (full 0):
 garbage-first heap   total 391168K, used 326656K [0x0000000080000000, 0x0000000100000000)
  region size 1024K, 39 young (39936K), 7 survivors (7168K)
 Metaspace       used 123960K, committed 125056K, reserved 1179648K
  class space    used 16533K, committed 17088K, reserved 1048576K
}
Event: 120.300 GC heap after
{Heap after GC invocations=50 (full 0):
 garbage-first heap   total 391168K, used 310272K [0x0000000080000000, 0x0000000100000000)
  region size 1024K, 5 young (5120K), 5 survivors (5120K)
 Metaspace       used 123960K, committed 125056K, reserved 1179648K
  class space    used 16533K, committed 17088K, reserved 1048576K
}
Event: 120.796 GC heap before
{Heap before GC invocations=50 (full 0):
 garbage-first heap   total 391168K, used 330752K [0x0000000080000000, 0x0000000100000000)
  region size 1024K, 26 young (26624K), 5 survivors (5120K)
 Metaspace       used 124328K, committed 125376K, reserved 1179648K
  class space    used 16563K, committed 17088K, reserved 1048576K
}

