# JRE version: OpenJDK Runtime Environment Corretto-17.0.11.9.1 (17.0.11+9) (build 17.0.11+9-LTS)
# Java VM: OpenJDK 64-Bit Server VM Corretto-17.0.11.9.1 (17.0.11+9-LTS, mixed mode, sharing, tiered, compressed oops, compressed class ptrs, g1 gc, windows-amd64)
GC Precious Log:
 CPUs: 4 total, 4 available
 Memory: 8097M
 Large Page Support: Disabled
 NUMA Support: Disabled
 Compressed Oops: Enabled (32-bit)
 Heap Region Size: 1M
 Heap Min Capacity: 8M
 Heap Initial Capacity: 8M
 Heap Max Capacity: 2026M
 Pre-touch: Disabled
 Parallel Workers: 4
 Concurrent Workers: 1
 Concurrent Refinement Workers: 4
 Periodic GC: Disabled
Heap:
 garbage-first heap   total 8192K, used 3236K [0x0000000081600000, 0x0000000100000000)
  region size 1024K, 1 young (1024K), 1 survivors (1024K)
 Metaspace       used 8020K, committed 8192K, reserved 1114112K
  class space    used 952K, committed 1024K, reserved 1048576K
GC Heap History (8 events):
Event: 0.352 GC heap before
{Heap before GC invocations=0 (full 0):
 garbage-first heap   total 8192K, used 2048K [0x0000000081600000, 0x0000000100000000)
  region size 1024K, 3 young (3072K), 0 survivors (0K)
 Metaspace       used 3074K, committed 3328K, reserved 1114112K
  class space    used 393K, committed 512K, reserved 1048576K
}
Event: 0.358 GC heap after
{Heap after GC invocations=1 (full 0):
 garbage-first heap   total 8192K, used 1184K [0x0000000081600000, 0x0000000100000000)
  region size 1024K, 1 young (1024K), 1 survivors (1024K)
 Metaspace       used 3074K, committed 3328K, reserved 1114112K
  class space    used 393K, committed 512K, reserved 1048576K
}
Event: 0.502 GC heap before
{Heap before GC invocations=1 (full 0):
 garbage-first heap   total 8192K, used 1184K [0x0000000081600000, 0x0000000100000000)
  region size 1024K, 2 young (2048K), 1 survivors (1024K)
 Metaspace       used 5404K, committed 5568K, reserved 1114112K
  class space    used 657K, committed 768K, reserved 1048576K
}
Event: 0.506 GC heap after
{Heap after GC invocations=2 (full 0):
 garbage-first heap   total 8192K, used 1722K [0x0000000081600000, 0x0000000100000000)
  region size 1024K, 1 young (1024K), 1 survivors (1024K)
 Metaspace       used 5404K, committed 5568K, reserved 1114112K
  class space    used 657K, committed 768K, reserved 1048576K
}
Event: 0.622 GC heap before
{Heap before GC invocations=2 (full 0):
 garbage-first heap   total 8192K, used 2746K [0x0000000081600000, 0x0000000100000000)
  region size 1024K, 2 young (2048K), 1 survivors (1024K)
 Metaspace       used 6765K, committed 6976K, reserved 1114112K
  class space    used 815K, committed 896K, reserved 1048576K
}
Event: 0.623 GC heap after
{Heap after GC invocations=3 (full 0):
 garbage-first heap   total 8192K, used 2149K [0x0000000081600000, 0x0000000100000000)
  region size 1024K, 1 young (1024K), 1 survivors (1024K)
 Metaspace       used 6765K, committed 6976K, reserved 1114112K
  class space    used 815K, committed 896K, reserved 1048576K
}
Event: 0.721 GC heap before
{Heap before GC invocations=3 (full 0):
 garbage-first heap   total 8192K, used 3173K [0x0000000081600000, 0x0000000100000000)
  region size 1024K, 2 young (2048K), 1 survivors (1024K)
 Metaspace       used 7798K, committed 7936K, reserved 1114112K
  class space    used 920K, committed 960K, reserved 1048576K
}
Event: 0.724 GC heap after
{Heap after GC invocations=4 (full 0):
 garbage-first heap   total 8192K, used 2542K [0x0000000081600000, 0x0000000100000000)
  region size 1024K, 1 young (1024K), 1 survivors (1024K)
 Metaspace       used 7798K, committed 7936K, reserved 1114112K
  class space    used 920K, committed 960K, reserved 1048576K
}

